{
  "RSpec": {
    "coverage": {
      "/home/diplomatic-device-2576/tic-tac-toe-rb-ruby-intro-000/lib/tic_tac_toe.rb": [
        null,
        1,
        null,
        null,
        null,
        null,
        null,
        null,
        null,
        null,
        null,
        1,
        25,
        25,
        25,
        25,
        25,
        null,
        null,
        1,
        23,
        null,
        null,
        1,
        23,
        null,
        null,
        1,
        21,
        null,
        null,
        1,
        20,
        20,
        20,
        19,
        null,
        1,
        null,
        20,
        null,
        null,
        1,
        38,
        38,
        342,
        57,
        null,
        null,
        38,
        null,
        null,
        1,
        37,
        null,
        null,
        1,
        null,
        50,
        310,
        310,
        310,
        null,
        310,
        310,
        310,
        null,
        310,
        13,
        297,
        0,
        null,
        290,
        null,
        null,
        null,
        null,
        1,
        100,
        9,
        null,
        6,
        null,
        null,
        null,
        1,
        23,
        5,
        null,
        13,
        null,
        null,
        null,
        1,
        21,
        8,
        null,
        10,
        null,
        null,
        null,
        1,
        6,
        4,
        null,
        null,
        null,
        1,
        12,
        17,
        17,
        null,
        11,
        4,
        null,
        7,
        null,
        null
      ]
    },
    "timestamp": 1611539769
  }
}
